<?xml version="1.0" encoding="UTF-8"?>
<!-- Generated by org.testng.reporters.JUnitXMLReporter -->
<testsuite ignored="0" hostname="DESKTOP-G9M353E" failures="1" tests="1" name="GUI_Testing_Challenge" time="48.348" errors="0" timestamp="2021-04-23T21:06:55 EET">
  <testcase classname="io.cucumber.testng.AbstractTestNGCucumberTests" name="runScenario" time="3.773">
    <failure type="java.lang.AssertionError" message="mohamed expected [true] but found [false]">
        <![CDATA[java.lang.AssertionError: mohamed expected [true] but found [false]
at stepsForFailedTestCases.FailedSteps.user_enter_valid_and_for_names_fields(RegistrationTest.java:38)
at âœ½.User enter valid "mohamed" and "Ahmad" for Names Fields(file:///E:/Automation%20Task%20360Imaging/GUI_Testing_Project/src/test/java/features/FailedTestCasesForRegisterAndLogin.feature:6)
... Removed 3 stack frames]]>
    </failure>
  </testcase> <!-- runScenario -->
</testsuite> <!-- GUI_Testing_Challenge -->
